No exact restart
set NUMRECINI = 1
Getting croco from /HOME/users/aparco/CROCO/CALIFORNIA_LR
Getting croco_bry.nc from /HOME/users/aparco/CROCO/CALIFORNIA_LR/CROCO_FILES
Getting croco_grd.nc from /HOME/users/aparco/CROCO/CALIFORNIA_LR/CROCO_FILES
Getting croco_frc.nc from /HOME/users/aparco/CROCO/CALIFORNIA_LR/CROCO_FILES
Getting croco_blk.nc from /HOME/users/aparco/CROCO/CALIFORNIA_LR/CROCO_FILES
Getting croco_clm.nc from /HOME/users/aparco/CROCO/CALIFORNIA_LR/CROCO_FILES
Getting croco_runoff.nc from /HOME/users/aparco/CROCO/CALIFORNIA_LR/CROCO_FILES
Getting croco_ini.nc from /HOME/users/aparco/CROCO/CALIFORNIA_LR/CROCO_FILES
Getting croco_inter.in from /HOME/users/aparco/CROCO/CALIFORNIA_LR
 
Writing in croco_inter.in
USING DT       = 360
USING NFAST    = 60
USING NUMTIMES = 7200
USING NUMAVG   = 240
USING NUMHIS   = 7200
USING NUMRST   = 7200
No exact restart
set NUMRECINI = 1
 
Computing for Y1M1
Tue Nov 21 14:12:58 PST 2023
Tue Nov 21 14:54:23 PST 2023
Test croco_Y1M1.out
All good
XXXXXXXX
No exact restart
set NUMRECINI = 1
 
Computing for Y1M2
Tue Nov 21 14:54:23 PST 2023
Tue Nov 21 15:36:06 PST 2023
Test croco_Y1M2.out
All good
XXXXXXXX
No exact restart
set NUMRECINI = 1
 
Computing for Y1M3
Tue Nov 21 15:36:06 PST 2023
Tue Nov 21 16:08:50 PST 2023
Test croco_Y1M3.out
All good
XXXXXXXX
No exact restart
set NUMRECINI = 1
 
Computing for Y1M4
Tue Nov 21 16:08:50 PST 2023
Tue Nov 21 16:41:57 PST 2023
Test croco_Y1M4.out
All good
XXXXXXXX
No exact restart
set NUMRECINI = 1
 
Computing for Y1M5
Tue Nov 21 16:41:57 PST 2023
Tue Nov 21 17:14:57 PST 2023
Test croco_Y1M5.out
All good
XXXXXXXX
No exact restart
set NUMRECINI = 1
 
Computing for Y1M6
Tue Nov 21 17:14:58 PST 2023
Tue Nov 21 17:48:22 PST 2023
Test croco_Y1M6.out
All good
XXXXXXXX
No exact restart
set NUMRECINI = 1
 
Computing for Y1M7
Tue Nov 21 17:48:22 PST 2023
Tue Nov 21 18:20:23 PST 2023
Test croco_Y1M7.out
All good
XXXXXXXX
No exact restart
set NUMRECINI = 1
 
Computing for Y1M8
Tue Nov 21 18:20:23 PST 2023
Tue Nov 21 18:52:49 PST 2023
Test croco_Y1M8.out
All good
XXXXXXXX
No exact restart
set NUMRECINI = 1
 
Computing for Y1M9
Tue Nov 21 18:52:49 PST 2023
Tue Nov 21 19:26:00 PST 2023
Test croco_Y1M9.out
All good
XXXXXXXX
No exact restart
set NUMRECINI = 1
 
Computing for Y1M10
Tue Nov 21 19:26:00 PST 2023
Tue Nov 21 20:00:37 PST 2023
Test croco_Y1M10.out
All good
XXXXXXXX
No exact restart
set NUMRECINI = 1
 
Computing for Y1M11
Tue Nov 21 20:00:37 PST 2023
Tue Nov 21 20:37:43 PST 2023
Test croco_Y1M11.out
All good
XXXXXXXX
No exact restart
set NUMRECINI = 1
 
Computing for Y1M12
Tue Nov 21 20:37:43 PST 2023
Tue Nov 21 21:17:29 PST 2023
Test croco_Y1M12.out
All good
XXXXXXXX
No exact restart
set NUMRECINI = 1
 
Computing for Y2M1
Tue Nov 21 21:17:29 PST 2023
Tue Nov 21 21:50:02 PST 2023
Test croco_Y2M1.out
All good
XXXXXXXX
No exact restart
set NUMRECINI = 1
 
Computing for Y2M2
Tue Nov 21 21:50:02 PST 2023
Tue Nov 21 22:22:35 PST 2023
Test croco_Y2M2.out
All good
XXXXXXXX
No exact restart
set NUMRECINI = 1
 
Computing for Y2M3
Tue Nov 21 22:22:35 PST 2023
Tue Nov 21 22:55:02 PST 2023
Test croco_Y2M3.out
All good
XXXXXXXX
No exact restart
set NUMRECINI = 1
 
Computing for Y2M4
Tue Nov 21 22:55:02 PST 2023
Tue Nov 21 23:27:26 PST 2023
Test croco_Y2M4.out
All good
XXXXXXXX
No exact restart
set NUMRECINI = 1
 
Computing for Y2M5
Tue Nov 21 23:27:26 PST 2023
Tue Nov 21 23:59:45 PST 2023
Test croco_Y2M5.out
All good
XXXXXXXX
No exact restart
set NUMRECINI = 1
 
Computing for Y2M6
Tue Nov 21 23:59:45 PST 2023
Wed Nov 22 00:31:57 PST 2023
Test croco_Y2M6.out
All good
XXXXXXXX
No exact restart
set NUMRECINI = 1
 
Computing for Y2M7
Wed Nov 22 00:31:57 PST 2023
Wed Nov 22 01:04:06 PST 2023
Test croco_Y2M7.out
All good
XXXXXXXX
No exact restart
set NUMRECINI = 1
 
Computing for Y2M8
Wed Nov 22 01:04:06 PST 2023
Wed Nov 22 01:36:12 PST 2023
Test croco_Y2M8.out
All good
XXXXXXXX
No exact restart
set NUMRECINI = 1
 
Computing for Y2M9
Wed Nov 22 01:36:12 PST 2023
Wed Nov 22 02:08:22 PST 2023
Test croco_Y2M9.out
All good
XXXXXXXX
No exact restart
set NUMRECINI = 1
 
Computing for Y2M10
Wed Nov 22 02:08:22 PST 2023
Wed Nov 22 02:40:36 PST 2023
Test croco_Y2M10.out
All good
XXXXXXXX
No exact restart
set NUMRECINI = 1
 
Computing for Y2M11
Wed Nov 22 02:40:36 PST 2023
Wed Nov 22 03:12:58 PST 2023
Test croco_Y2M11.out
All good
XXXXXXXX
No exact restart
set NUMRECINI = 1
 
Computing for Y2M12
Wed Nov 22 03:12:58 PST 2023
Wed Nov 22 03:45:27 PST 2023
Test croco_Y2M12.out
All good
XXXXXXXX
No exact restart
set NUMRECINI = 1
 
Computing for Y3M1
Wed Nov 22 03:45:27 PST 2023
Wed Nov 22 04:18:01 PST 2023
Test croco_Y3M1.out
All good
XXXXXXXX
No exact restart
set NUMRECINI = 1
 
Computing for Y3M2
Wed Nov 22 04:18:01 PST 2023
Wed Nov 22 04:50:31 PST 2023
Test croco_Y3M2.out
All good
XXXXXXXX
No exact restart
set NUMRECINI = 1
 
Computing for Y3M3
Wed Nov 22 04:50:31 PST 2023
Wed Nov 22 05:22:58 PST 2023
Test croco_Y3M3.out
All good
XXXXXXXX
No exact restart
set NUMRECINI = 1
 
Computing for Y3M4
Wed Nov 22 05:22:58 PST 2023
Wed Nov 22 05:55:20 PST 2023
Test croco_Y3M4.out
All good
XXXXXXXX
No exact restart
set NUMRECINI = 1
 
Computing for Y3M5
Wed Nov 22 05:55:20 PST 2023
Wed Nov 22 06:27:38 PST 2023
Test croco_Y3M5.out
All good
XXXXXXXX
No exact restart
set NUMRECINI = 1
 
Computing for Y3M6
Wed Nov 22 06:27:38 PST 2023
Wed Nov 22 06:59:48 PST 2023
Test croco_Y3M6.out
All good
XXXXXXXX
No exact restart
set NUMRECINI = 1
 
Computing for Y3M7
Wed Nov 22 06:59:48 PST 2023
Wed Nov 22 07:31:58 PST 2023
Test croco_Y3M7.out
All good
XXXXXXXX
No exact restart
set NUMRECINI = 1
 
Computing for Y3M8
Wed Nov 22 07:31:58 PST 2023
Wed Nov 22 08:04:04 PST 2023
Test croco_Y3M8.out
All good
XXXXXXXX
No exact restart
set NUMRECINI = 1
 
Computing for Y3M9
Wed Nov 22 08:04:04 PST 2023
Wed Nov 22 08:36:17 PST 2023
Test croco_Y3M9.out
All good
XXXXXXXX
No exact restart
set NUMRECINI = 1
 
Computing for Y3M10
Wed Nov 22 08:36:17 PST 2023
Wed Nov 22 09:08:35 PST 2023
Test croco_Y3M10.out
All good
XXXXXXXX
No exact restart
set NUMRECINI = 1
 
Computing for Y3M11
Wed Nov 22 09:08:35 PST 2023
Wed Nov 22 09:41:00 PST 2023
Test croco_Y3M11.out
All good
XXXXXXXX
No exact restart
set NUMRECINI = 1
 
Computing for Y3M12
Wed Nov 22 09:41:00 PST 2023
Wed Nov 22 10:13:30 PST 2023
Test croco_Y3M12.out
All good
XXXXXXXX
No exact restart
set NUMRECINI = 1
 
Computing for Y4M1
Wed Nov 22 10:13:30 PST 2023
Wed Nov 22 10:46:01 PST 2023
Test croco_Y4M1.out
All good
XXXXXXXX
No exact restart
set NUMRECINI = 1
 
Computing for Y4M2
Wed Nov 22 10:46:02 PST 2023
Wed Nov 22 11:18:31 PST 2023
Test croco_Y4M2.out
All good
XXXXXXXX
No exact restart
set NUMRECINI = 1
 
Computing for Y4M3
Wed Nov 22 11:18:31 PST 2023
Wed Nov 22 11:50:59 PST 2023
Test croco_Y4M3.out
All good
XXXXXXXX
No exact restart
set NUMRECINI = 1
 
Computing for Y4M4
Wed Nov 22 11:50:59 PST 2023
Wed Nov 22 12:23:21 PST 2023
Test croco_Y4M4.out
All good
XXXXXXXX
No exact restart
set NUMRECINI = 1
 
Computing for Y4M5
Wed Nov 22 12:23:21 PST 2023
Wed Nov 22 12:55:38 PST 2023
Test croco_Y4M5.out
All good
XXXXXXXX
No exact restart
set NUMRECINI = 1
 
Computing for Y4M6
Wed Nov 22 12:55:38 PST 2023
Wed Nov 22 13:27:50 PST 2023
Test croco_Y4M6.out
All good
XXXXXXXX
No exact restart
set NUMRECINI = 1
 
Computing for Y4M7
Wed Nov 22 13:27:50 PST 2023
Wed Nov 22 13:59:56 PST 2023
Test croco_Y4M7.out
All good
XXXXXXXX
No exact restart
set NUMRECINI = 1
 
Computing for Y4M8
Wed Nov 22 13:59:56 PST 2023
Wed Nov 22 14:32:01 PST 2023
Test croco_Y4M8.out
All good
XXXXXXXX
No exact restart
set NUMRECINI = 1
 
Computing for Y4M9
Wed Nov 22 14:32:01 PST 2023
Wed Nov 22 15:04:10 PST 2023
Test croco_Y4M9.out
All good
XXXXXXXX
No exact restart
set NUMRECINI = 1
 
Computing for Y4M10
Wed Nov 22 15:04:10 PST 2023
Wed Nov 22 15:36:24 PST 2023
Test croco_Y4M10.out
All good
XXXXXXXX
No exact restart
set NUMRECINI = 1
 
Computing for Y4M11
Wed Nov 22 15:36:24 PST 2023
Wed Nov 22 16:08:49 PST 2023
Test croco_Y4M11.out
All good
XXXXXXXX
No exact restart
set NUMRECINI = 1
 
Computing for Y4M12
Wed Nov 22 16:08:49 PST 2023
Wed Nov 22 16:41:20 PST 2023
Test croco_Y4M12.out
All good
XXXXXXXX
No exact restart
set NUMRECINI = 1
 
Computing for Y5M1
Wed Nov 22 16:41:20 PST 2023
Wed Nov 22 17:13:53 PST 2023
Test croco_Y5M1.out
All good
XXXXXXXX
No exact restart
set NUMRECINI = 1
 
Computing for Y5M2
Wed Nov 22 17:13:53 PST 2023
Wed Nov 22 17:46:22 PST 2023
Test croco_Y5M2.out
All good
XXXXXXXX
No exact restart
set NUMRECINI = 1
 
Computing for Y5M3
Wed Nov 22 17:46:22 PST 2023
Wed Nov 22 18:18:49 PST 2023
Test croco_Y5M3.out
All good
XXXXXXXX
No exact restart
set NUMRECINI = 1
 
Computing for Y5M4
Wed Nov 22 18:18:49 PST 2023
Wed Nov 22 18:51:13 PST 2023
Test croco_Y5M4.out
All good
XXXXXXXX
No exact restart
set NUMRECINI = 1
 
Computing for Y5M5
Wed Nov 22 18:51:13 PST 2023
Wed Nov 22 19:23:30 PST 2023
Test croco_Y5M5.out
All good
XXXXXXXX
No exact restart
set NUMRECINI = 1
 
Computing for Y5M6
Wed Nov 22 19:23:30 PST 2023
Wed Nov 22 19:55:41 PST 2023
Test croco_Y5M6.out
All good
XXXXXXXX
No exact restart
set NUMRECINI = 1
 
Computing for Y5M7
Wed Nov 22 19:55:41 PST 2023
Wed Nov 22 20:27:46 PST 2023
Test croco_Y5M7.out
All good
XXXXXXXX
No exact restart
set NUMRECINI = 1
 
Computing for Y5M8
Wed Nov 22 20:27:46 PST 2023
Wed Nov 22 20:59:50 PST 2023
Test croco_Y5M8.out
All good
XXXXXXXX
No exact restart
set NUMRECINI = 1
 
Computing for Y5M9
Wed Nov 22 20:59:50 PST 2023
Wed Nov 22 21:32:03 PST 2023
Test croco_Y5M9.out
All good
XXXXXXXX
No exact restart
set NUMRECINI = 1
 
Computing for Y5M10
Wed Nov 22 21:32:03 PST 2023
Wed Nov 22 22:04:19 PST 2023
Test croco_Y5M10.out
All good
XXXXXXXX
No exact restart
set NUMRECINI = 1
 
Computing for Y5M11
Wed Nov 22 22:04:19 PST 2023
Wed Nov 22 22:36:41 PST 2023
Test croco_Y5M11.out
All good
XXXXXXXX
No exact restart
set NUMRECINI = 1
 
Computing for Y5M12
Wed Nov 22 22:36:41 PST 2023
Wed Nov 22 23:09:12 PST 2023
Test croco_Y5M12.out
All good
XXXXXXXX
No exact restart
set NUMRECINI = 1
 
Computing for Y6M1
Wed Nov 22 23:09:12 PST 2023
Wed Nov 22 23:41:44 PST 2023
Test croco_Y6M1.out
All good
XXXXXXXX
No exact restart
set NUMRECINI = 1
 
Computing for Y6M2
Wed Nov 22 23:41:44 PST 2023
Thu Nov 23 00:14:15 PST 2023
Test croco_Y6M2.out
All good
XXXXXXXX
No exact restart
set NUMRECINI = 1
 
Computing for Y6M3
Thu Nov 23 00:14:15 PST 2023
Thu Nov 23 00:46:43 PST 2023
Test croco_Y6M3.out
All good
XXXXXXXX
No exact restart
set NUMRECINI = 1
 
Computing for Y6M4
Thu Nov 23 00:46:43 PST 2023
Thu Nov 23 01:19:06 PST 2023
Test croco_Y6M4.out
All good
XXXXXXXX
No exact restart
set NUMRECINI = 1
 
Computing for Y6M5
Thu Nov 23 01:19:06 PST 2023
Thu Nov 23 01:51:22 PST 2023
Test croco_Y6M5.out
All good
XXXXXXXX
No exact restart
set NUMRECINI = 1
 
Computing for Y6M6
Thu Nov 23 01:51:22 PST 2023
Thu Nov 23 02:23:33 PST 2023
Test croco_Y6M6.out
All good
XXXXXXXX
No exact restart
set NUMRECINI = 1
 
Computing for Y6M7
Thu Nov 23 02:23:33 PST 2023
Thu Nov 23 02:55:36 PST 2023
Test croco_Y6M7.out
All good
XXXXXXXX
No exact restart
set NUMRECINI = 1
 
Computing for Y6M8
Thu Nov 23 02:55:36 PST 2023
Thu Nov 23 03:27:44 PST 2023
Test croco_Y6M8.out
All good
XXXXXXXX
No exact restart
set NUMRECINI = 1
 
Computing for Y6M9
Thu Nov 23 03:27:44 PST 2023
Thu Nov 23 03:59:51 PST 2023
Test croco_Y6M9.out
All good
XXXXXXXX
No exact restart
set NUMRECINI = 1
 
Computing for Y6M10
Thu Nov 23 03:59:51 PST 2023
Thu Nov 23 04:32:05 PST 2023
Test croco_Y6M10.out
All good
XXXXXXXX
No exact restart
set NUMRECINI = 1
 
Computing for Y6M11
Thu Nov 23 04:32:05 PST 2023
Thu Nov 23 05:04:27 PST 2023
Test croco_Y6M11.out
All good
XXXXXXXX
No exact restart
set NUMRECINI = 1
 
Computing for Y6M12
Thu Nov 23 05:04:27 PST 2023
Thu Nov 23 05:36:56 PST 2023
Test croco_Y6M12.out
All good
XXXXXXXX
No exact restart
set NUMRECINI = 1
 
Computing for Y7M1
Thu Nov 23 05:36:56 PST 2023
Thu Nov 23 06:09:28 PST 2023
Test croco_Y7M1.out
All good
XXXXXXXX
No exact restart
set NUMRECINI = 1
 
Computing for Y7M2
Thu Nov 23 06:09:28 PST 2023
Thu Nov 23 06:41:56 PST 2023
Test croco_Y7M2.out
All good
XXXXXXXX
No exact restart
set NUMRECINI = 1
 
Computing for Y7M3
Thu Nov 23 06:41:56 PST 2023
Thu Nov 23 07:14:23 PST 2023
Test croco_Y7M3.out
All good
XXXXXXXX
No exact restart
set NUMRECINI = 1
 
Computing for Y7M4
Thu Nov 23 07:14:23 PST 2023
Thu Nov 23 07:46:48 PST 2023
Test croco_Y7M4.out
All good
XXXXXXXX
No exact restart
set NUMRECINI = 1
 
Computing for Y7M5
Thu Nov 23 07:46:48 PST 2023
Thu Nov 23 08:19:05 PST 2023
Test croco_Y7M5.out
All good
XXXXXXXX
No exact restart
set NUMRECINI = 1
 
Computing for Y7M6
Thu Nov 23 08:19:05 PST 2023
Thu Nov 23 08:51:18 PST 2023
Test croco_Y7M6.out
All good
XXXXXXXX
No exact restart
set NUMRECINI = 1
 
Computing for Y7M7
Thu Nov 23 08:51:18 PST 2023
Thu Nov 23 09:23:22 PST 2023
Test croco_Y7M7.out
All good
XXXXXXXX
No exact restart
set NUMRECINI = 1
 
Computing for Y7M8
Thu Nov 23 09:23:22 PST 2023
Thu Nov 23 09:55:27 PST 2023
Test croco_Y7M8.out
All good
XXXXXXXX
No exact restart
set NUMRECINI = 1
 
Computing for Y7M9
Thu Nov 23 09:55:27 PST 2023
Thu Nov 23 10:27:36 PST 2023
Test croco_Y7M9.out
All good
XXXXXXXX
No exact restart
set NUMRECINI = 1
 
Computing for Y7M10
Thu Nov 23 10:27:36 PST 2023
Thu Nov 23 10:59:50 PST 2023
Test croco_Y7M10.out
All good
XXXXXXXX
No exact restart
set NUMRECINI = 1
 
Computing for Y7M11
Thu Nov 23 10:59:50 PST 2023
Thu Nov 23 11:32:14 PST 2023
Test croco_Y7M11.out
All good
XXXXXXXX
No exact restart
set NUMRECINI = 1
 
Computing for Y7M12
Thu Nov 23 11:32:14 PST 2023
Thu Nov 23 12:04:44 PST 2023
Test croco_Y7M12.out
All good
XXXXXXXX
No exact restart
set NUMRECINI = 1
 
Computing for Y8M1
Thu Nov 23 12:04:44 PST 2023
Thu Nov 23 12:37:16 PST 2023
Test croco_Y8M1.out
All good
XXXXXXXX
No exact restart
set NUMRECINI = 1
 
Computing for Y8M2
Thu Nov 23 12:37:16 PST 2023
Thu Nov 23 13:09:47 PST 2023
Test croco_Y8M2.out
All good
XXXXXXXX
No exact restart
set NUMRECINI = 1
 
Computing for Y8M3
Thu Nov 23 13:09:47 PST 2023
Thu Nov 23 13:42:17 PST 2023
Test croco_Y8M3.out
All good
XXXXXXXX
No exact restart
set NUMRECINI = 1
 
Computing for Y8M4
Thu Nov 23 13:42:17 PST 2023
Thu Nov 23 14:14:41 PST 2023
Test croco_Y8M4.out
All good
XXXXXXXX
No exact restart
set NUMRECINI = 1
 
Computing for Y8M5
Thu Nov 23 14:14:41 PST 2023
Thu Nov 23 14:46:59 PST 2023
Test croco_Y8M5.out
All good
XXXXXXXX
No exact restart
set NUMRECINI = 1
 
Computing for Y8M6
Thu Nov 23 14:46:59 PST 2023
Thu Nov 23 15:19:12 PST 2023
Test croco_Y8M6.out
All good
XXXXXXXX
No exact restart
set NUMRECINI = 1
 
Computing for Y8M7
Thu Nov 23 15:19:13 PST 2023
Thu Nov 23 15:51:17 PST 2023
Test croco_Y8M7.out
All good
XXXXXXXX
No exact restart
set NUMRECINI = 1
 
Computing for Y8M8
Thu Nov 23 15:51:17 PST 2023
Thu Nov 23 16:23:22 PST 2023
Test croco_Y8M8.out
All good
XXXXXXXX
No exact restart
set NUMRECINI = 1
 
Computing for Y8M9
Thu Nov 23 16:23:22 PST 2023
Thu Nov 23 16:55:31 PST 2023
Test croco_Y8M9.out
All good
XXXXXXXX
No exact restart
set NUMRECINI = 1
 
Computing for Y8M10
Thu Nov 23 16:55:31 PST 2023
Thu Nov 23 17:27:47 PST 2023
Test croco_Y8M10.out
All good
XXXXXXXX
No exact restart
set NUMRECINI = 1
 
Computing for Y8M11
Thu Nov 23 17:27:47 PST 2023
Thu Nov 23 18:00:14 PST 2023
Test croco_Y8M11.out
All good
XXXXXXXX
No exact restart
set NUMRECINI = 1
 
Computing for Y8M12
Thu Nov 23 18:00:14 PST 2023
Thu Nov 23 18:32:43 PST 2023
Test croco_Y8M12.out
All good
XXXXXXXX
No exact restart
set NUMRECINI = 1
 
Computing for Y9M1
Thu Nov 23 18:32:43 PST 2023
Thu Nov 23 19:05:15 PST 2023
Test croco_Y9M1.out
All good
XXXXXXXX
No exact restart
set NUMRECINI = 1
 
Computing for Y9M2
Thu Nov 23 19:05:15 PST 2023
Thu Nov 23 19:37:45 PST 2023
Test croco_Y9M2.out
All good
XXXXXXXX
No exact restart
set NUMRECINI = 1
 
Computing for Y9M3
Thu Nov 23 19:37:45 PST 2023
Thu Nov 23 20:10:14 PST 2023
Test croco_Y9M3.out
All good
XXXXXXXX
No exact restart
set NUMRECINI = 1
 
Computing for Y9M4
Thu Nov 23 20:10:14 PST 2023
Thu Nov 23 20:42:40 PST 2023
Test croco_Y9M4.out
All good
XXXXXXXX
No exact restart
set NUMRECINI = 1
 
Computing for Y9M5
Thu Nov 23 20:42:40 PST 2023
Thu Nov 23 21:14:59 PST 2023
Test croco_Y9M5.out
All good
XXXXXXXX
No exact restart
set NUMRECINI = 1
 
Computing for Y9M6
Thu Nov 23 21:14:59 PST 2023
Thu Nov 23 21:47:10 PST 2023
Test croco_Y9M6.out
All good
XXXXXXXX
No exact restart
set NUMRECINI = 1
 
Computing for Y9M7
Thu Nov 23 21:47:10 PST 2023
Thu Nov 23 22:19:17 PST 2023
Test croco_Y9M7.out
All good
XXXXXXXX
No exact restart
set NUMRECINI = 1
 
Computing for Y9M8
Thu Nov 23 22:19:17 PST 2023
Thu Nov 23 22:51:24 PST 2023
Test croco_Y9M8.out
All good
XXXXXXXX
No exact restart
set NUMRECINI = 1
 
Computing for Y9M9
Thu Nov 23 22:51:24 PST 2023
Thu Nov 23 23:23:33 PST 2023
Test croco_Y9M9.out
All good
XXXXXXXX
No exact restart
set NUMRECINI = 1
 
Computing for Y9M10
Thu Nov 23 23:23:33 PST 2023
Thu Nov 23 23:55:49 PST 2023
Test croco_Y9M10.out
All good
XXXXXXXX
No exact restart
set NUMRECINI = 1
 
Computing for Y9M11
Thu Nov 23 23:55:49 PST 2023
Fri Nov 24 00:28:11 PST 2023
Test croco_Y9M11.out
All good
XXXXXXXX
No exact restart
set NUMRECINI = 1
 
Computing for Y9M12
Fri Nov 24 00:28:11 PST 2023
Fri Nov 24 01:00:40 PST 2023
Test croco_Y9M12.out
All good
XXXXXXXX
No exact restart
set NUMRECINI = 1
 
Computing for Y10M1
Fri Nov 24 01:00:40 PST 2023
Fri Nov 24 01:33:13 PST 2023
Test croco_Y10M1.out
All good
XXXXXXXX
No exact restart
set NUMRECINI = 1
 
Computing for Y10M2
Fri Nov 24 01:33:13 PST 2023
Fri Nov 24 02:05:45 PST 2023
Test croco_Y10M2.out
All good
XXXXXXXX
No exact restart
set NUMRECINI = 1
 
Computing for Y10M3
Fri Nov 24 02:05:45 PST 2023
Fri Nov 24 02:38:17 PST 2023
Test croco_Y10M3.out
All good
XXXXXXXX
No exact restart
set NUMRECINI = 1
 
Computing for Y10M4
Fri Nov 24 02:38:17 PST 2023
Fri Nov 24 03:10:43 PST 2023
Test croco_Y10M4.out
All good
XXXXXXXX
No exact restart
set NUMRECINI = 1
 
Computing for Y10M5
Fri Nov 24 03:10:43 PST 2023
Fri Nov 24 03:43:02 PST 2023
Test croco_Y10M5.out
All good
XXXXXXXX
No exact restart
set NUMRECINI = 1
 
Computing for Y10M6
Fri Nov 24 03:43:02 PST 2023
Fri Nov 24 04:15:14 PST 2023
Test croco_Y10M6.out
All good
XXXXXXXX
No exact restart
set NUMRECINI = 1
 
Computing for Y10M7
Fri Nov 24 04:15:14 PST 2023
Fri Nov 24 04:47:21 PST 2023
Test croco_Y10M7.out
All good
XXXXXXXX
No exact restart
set NUMRECINI = 1
 
Computing for Y10M8
Fri Nov 24 04:47:21 PST 2023
Fri Nov 24 05:19:27 PST 2023
Test croco_Y10M8.out
All good
XXXXXXXX
No exact restart
set NUMRECINI = 1
 
Computing for Y10M9
Fri Nov 24 05:19:27 PST 2023
Fri Nov 24 05:51:34 PST 2023
Test croco_Y10M9.out
All good
XXXXXXXX
No exact restart
set NUMRECINI = 1
 
Computing for Y10M10
Fri Nov 24 05:51:34 PST 2023
Fri Nov 24 06:23:48 PST 2023
Test croco_Y10M10.out
All good
XXXXXXXX
No exact restart
set NUMRECINI = 1
 
Computing for Y10M11
Fri Nov 24 06:23:48 PST 2023
Fri Nov 24 06:56:09 PST 2023
Test croco_Y10M11.out
All good
XXXXXXXX
No exact restart
set NUMRECINI = 1
 
Computing for Y10M12
Fri Nov 24 06:56:09 PST 2023
Fri Nov 24 07:28:38 PST 2023
Test croco_Y10M12.out
All good
XXXXXXXX
